<?xml version="1.0" ?>
<!DOCTYPE coverage SYSTEM "http://cobertura.sourceforge.net/xml/coverage-04.dtd">
<coverage lines-valid="36" lines-covered="34" line-rate="0.9444" branches-valid="4" branches-covered="4" branch-rate="1" timestamp="1586184774910" complexity="0" version="0.1">
  <sources>
    <source>C:\xampp\htdocs\mathgame\mathgame</source>
  </sources>
  <packages>
    <package name="logic.factories" line-rate="1" branch-rate="1">
      <classes>
        <class name="EquationFactory.js" filename="src\logic\factories\EquationFactory.js" line-rate="1" branch-rate="1">
          <methods>
            <method name="(anonymous_0)" hits="113" signature="()V">
              <lines>
                <line number="5" hits="113"/>
              </lines>
            </method>
            <method name="generateNumberFromTo" hits="655" signature="()V">
              <lines>
                <line number="20" hits="655"/>
              </lines>
            </method>
            <method name="generateOperationMethod" hits="271" signature="()V">
              <lines>
                <line number="24" hits="271"/>
              </lines>
            </method>
          </methods>
          <lines>
            <line number="5" hits="1" branch="false"/>
            <line number="6" hits="113" branch="false"/>
            <line number="7" hits="113" branch="false"/>
            <line number="9" hits="113" branch="false"/>
            <line number="10" hits="271" branch="false"/>
            <line number="16" hits="113" branch="false"/>
            <line number="17" hits="113" branch="true" condition-coverage="100% (2/2)"/>
            <line number="21" hits="655" branch="false"/>
            <line number="25" hits="271" branch="false"/>
          </lines>
        </class>
      </classes>
    </package>
    <package name="logic.models" line-rate="1" branch-rate="1">
      <classes>
        <class name="Equation.js" filename="src\logic\models\Equation.js" line-rate="1" branch-rate="1">
          <methods>
            <method name="(anonymous_0)" hits="127" signature="()V">
              <lines>
                <line number="2" hits="127"/>
              </lines>
            </method>
            <method name="(anonymous_1)" hits="179" signature="()V">
              <lines>
                <line number="7" hits="179"/>
              </lines>
            </method>
            <method name="(anonymous_2)" hits="409" signature="()V">
              <lines>
                <line number="9" hits="409"/>
              </lines>
            </method>
          </methods>
          <lines>
            <line number="3" hits="127" branch="false"/>
            <line number="4" hits="127" branch="false"/>
            <line number="8" hits="179" branch="false"/>
            <line number="9" hits="179" branch="false"/>
            <line number="10" hits="409" branch="false"/>
            <line number="13" hits="179" branch="false"/>
          </lines>
        </class>
        <class name="Level.js" filename="src\logic\models\Level.js" line-rate="1" branch-rate="1">
          <methods>
          </methods>
          <lines>
            <line number="3" hits="1" branch="false"/>
            <line number="9" hits="1" branch="false"/>
            <line number="14" hits="1" branch="false"/>
            <line number="19" hits="1" branch="false"/>
            <line number="157" hits="1" branch="false"/>
          </lines>
        </class>
        <class name="OperationMethod.js" filename="src\logic\models\OperationMethod.js" line-rate="1" branch-rate="1">
          <methods>
          </methods>
          <lines>
            <line number="1" hits="1" branch="false"/>
          </lines>
        </class>
      </classes>
    </package>
    <package name="logic.services" line-rate="1" branch-rate="1">
      <classes>
        <class name="EquationService.js" filename="src\logic\services\EquationService.js" line-rate="1" branch-rate="1">
          <methods>
            <method name="(anonymous_0)" hits="172" signature="()V">
              <lines>
                <line number="1" hits="172"/>
              </lines>
            </method>
            <method name="(anonymous_1)" hits="127" signature="()V">
              <lines>
                <line number="7" hits="127"/>
              </lines>
            </method>
            <method name="toString" hits="172" signature="()V">
              <lines>
                <line number="12" hits="172"/>
              </lines>
            </method>
          </methods>
          <lines>
            <line number="1" hits="1" branch="false"/>
            <line number="2" hits="172" branch="false"/>
            <line number="3" hits="172" branch="false"/>
            <line number="4" hits="172" branch="false"/>
            <line number="7" hits="1" branch="false"/>
            <line number="8" hits="127" branch="false"/>
            <line number="9" hits="127" branch="true" condition-coverage="100% (2/2)"/>
            <line number="13" hits="172" branch="false"/>
            <line number="14" hits="172" branch="false"/>
            <line number="15" hits="172" branch="false"/>
          </lines>
        </class>
      </classes>
    </package>
    <package name="screens" line-rate="0.5" branch-rate="1">
      <classes>
        <class name="Home.js" filename="src\screens\Home.js" line-rate="0.5" branch-rate="1">
          <methods>
            <method name="(anonymous_0)" hits="2" signature="()V">
              <lines>
                <line number="8" hits="2"/>
              </lines>
            </method>
            <method name="(anonymous_1)" hits="0" signature="()V">
              <lines>
                <line number="12" hits="0"/>
              </lines>
            </method>
            <method name="(anonymous_2)" hits="0" signature="()V">
              <lines>
                <line number="13" hits="0"/>
              </lines>
            </method>
          </methods>
          <lines>
            <line number="8" hits="1" branch="false"/>
            <line number="9" hits="2" branch="false"/>
            <line number="12" hits="0" branch="false"/>
            <line number="13" hits="0" branch="false"/>
          </lines>
        </class>
      </classes>
    </package>
    <package name="styles" line-rate="1" branch-rate="1">
      <classes>
        <class name="HomeStyles.js" filename="src\styles\HomeStyles.js" line-rate="1" branch-rate="1">
          <methods>
          </methods>
          <lines>
            <line number="3" hits="1" branch="false"/>
          </lines>
        </class>
      </classes>
    </package>
  </packages>
</coverage>
